This is pdfTeX, Version 3.14159265-2.6-1.40.20 (TeX Live 2019/Arch Linux) (preloaded format=latex 2020.2.2)  5 FEB 2020 23:35
entering extended mode
 restricted \write18 enabled.
 %&-line parsing enabled.
**/home/nicomazz/MEGAsync/uni1920/OS/lab/1/report/report.tex
(/home/nicomazz/MEGAsync/uni1920/OS/lab/1/report/report.tex
LaTeX2e <2019-10-01> patch level 1
(/usr/share/texmf-dist/tex/latex/base/article.cls
Document Class: article 2019/08/27 v1.4j Standard LaTeX document class
(/usr/share/texmf-dist/tex/latex/base/size10.clo
File: size10.clo 2019/08/27 v1.4j Standard LaTeX file (size option)
)
\c@part=\count80
\c@section=\count81
\c@subsection=\count82
\c@subsubsection=\count83
\c@paragraph=\count84
\c@subparagraph=\count85
\c@figure=\count86
\c@table=\count87
\abovecaptionskip=\skip41
\belowcaptionskip=\skip42
\bibindent=\dimen102
)

! LaTeX Error: File `fullpage.sty' not found.

Type X to quit or <RETURN> to proceed,
or enter new name. (Default extension: sty)

Enter file name: 
! Emergency stop.
<read *> 
         
l.3 \usepackage
               {times}^^M
End of file on the terminal!

 
Here is how much of TeX's memory you used:
 214 strings out of 492168
 2364 string characters out of 6131585
 61775 words of memory out of 5000000
 4666 multiletter control sequences out of 15000+600000
 3640 words of font info for 14 fonts, out of 8000000 for 9000
 1141 hyphenation exceptions out of 8191
 25i,0n,21p,194b,36s stack positions out of 5000i,500n,10000p,200000b,80000s
No pages of output.
