


              kernel`copyin+0x1ac
              kernel`timercb+0x9c
              kernel`am335x_dmtimer_et_intr+0x44
              kernel`intr_event_handle+0x70
              kernel`intr_irq_handler+0x60
              kernel`exception_exit
              kernel`copyin+0x1ac
              kernel`uiomove_faultflag+0x10c
              kernel`m_uiotombuf+0x118
              kernel`sosend_generic+0x568
              kernel`soo_write+0x3c
              kernel`dofilewrite+0xa8
              kernel`kern_writev+0x78
              kernel`sys_write+0x4c
              kernel`swi_handler+0x6d8
              kernel`swi_exit
              kernel`swi_exit
                1

              kernel`soreceive_generic+0x11c8
              kernel`timercb+0x9c
              kernel`am335x_dmtimer_et_intr+0x44
              kernel`intr_event_handle+0x70
              kernel`intr_irq_handler+0x60
              kernel`exception_exit
              kernel`soreceive_generic+0x11c8
              kernel`soo_read+0x2c
              kernel`dofileread+0xb0
              kernel`kern_readv+0x78
              kernel`sys_read+0x4c
              kernel`swi_handler+0x6d8
              kernel`swi_exit
              kernel`swi_exit
                1

              kernel`_sleep+0x80
              kernel`timercb+0x9c
              kernel`am335x_dmtimer_et_intr+0x44
              kernel`intr_event_handle+0x70
              kernel`intr_irq_handler+0x60
              kernel`exception_exit
              kernel`_sleep+0x80
              kernel`sbwait+0x50
              kernel`soreceive_generic+0x1bc
              kernel`soo_read+0x2c
              kernel`dofileread+0xb0
              kernel`kern_readv+0x78
              kernel`sys_read+0x4c
              kernel`swi_handler+0x6d8
              kernel`swi_exit
              kernel`swi_exit
                1

              kernel`uipc_rcvd+0xdc
              kernel`timercb+0x9c
              kernel`am335x_dmtimer_et_intr+0x44
              kernel`intr_event_handle+0x70
              kernel`intr_irq_handler+0x60
              kernel`exception_exit
              kernel`uipc_rcvd+0xdc
              kernel`soreceive_generic+0x127c
              kernel`soo_read+0x2c
              kernel`dofileread+0xb0
              kernel`kern_readv+0x78
              kernel`sys_read+0x4c
              kernel`swi_handler+0x6d8
              kernel`swi_exit
              kernel`swi_exit
                2

              kernel`copyout+0x1a0
              kernel`timercb+0x9c
              kernel`am335x_dmtimer_et_intr+0x44
              kernel`intr_event_handle+0x70
              kernel`intr_irq_handler+0x60
              kernel`exception_exit
              kernel`copyout+0x1a0
              0xc3bfb6e0
                2

              kernel`copyout+0x190
              kernel`timercb+0x9c
              kernel`am335x_dmtimer_et_intr+0x44
              kernel`intr_event_handle+0x70
              kernel`intr_irq_handler+0x60
              kernel`exception_exit
              kernel`copyout+0x190
              0xc3bfb6e0
                3

              kernel`mb_free_ext
              kernel`timercb+0x9c
              kernel`am335x_dmtimer_et_intr+0x44
              kernel`intr_event_handle+0x70
              kernel`intr_irq_handler+0x60
              kernel`exception_exit
              kernel`mb_free_ext
              kernel`soo_read+0x2c
              kernel`dofileread+0xb0
              kernel`kern_readv+0x78
              kernel`sys_read+0x4c
              kernel`swi_handler+0x6d8
              kernel`swi_exit
              kernel`swi_exit
                3

              kernel`copyout+0x1ac
              kernel`timercb+0x9c
              kernel`am335x_dmtimer_et_intr+0x44
              kernel`intr_event_handle+0x70
              kernel`intr_irq_handler+0x60
              kernel`exception_exit
              kernel`copyout+0x1ac
              0xc3bfb6e0
                4

              kernel`uma_zalloc_arg+0x7e0
              kernel`timercb+0x9c
              kernel`am335x_dmtimer_et_intr+0x44
              kernel`intr_event_handle+0x70
              kernel`intr_irq_handler+0x60
              kernel`exception_exit
              kernel`uma_zalloc_arg+0x7e0
              kernel`m_getm2+0x104
              kernel`m_uiotombuf+0x68
              kernel`sosend_generic+0x568
              kernel`soo_write+0x3c
              kernel`dofilewrite+0xa8
              kernel`kern_writev+0x78
              kernel`sys_write+0x4c
              kernel`swi_handler+0x6d8
              kernel`swi_exit
              kernel`swi_exit
                4

              kernel`copyin+0x18c
              kernel`timercb+0x9c
              kernel`am335x_dmtimer_et_intr+0x44
              kernel`intr_event_handle+0x70
              kernel`intr_irq_handler+0x60
              kernel`exception_exit
              kernel`copyin+0x18c
              kernel`uiomove_faultflag+0x10c
              kernel`m_uiotombuf+0x118
              kernel`sosend_generic+0x568
              kernel`soo_write+0x3c
              kernel`dofilewrite+0xa8
              kernel`kern_writev+0x78
              kernel`sys_write+0x4c
              kernel`swi_handler+0x6d8
              kernel`swi_exit
              kernel`swi_exit
                8

              kernel`uma_zalloc_arg+0x90
              kernel`timercb+0x9c
              kernel`am335x_dmtimer_et_intr+0x44
              kernel`intr_event_handle+0x70
              kernel`intr_irq_handler+0x60
              kernel`exception_exit
              kernel`uma_zalloc_arg+0x90
              kernel`m_getm2+0x104
              kernel`m_uiotombuf+0x68
              kernel`sosend_generic+0x568
              kernel`soo_write+0x3c
              kernel`dofilewrite+0xa8
              kernel`kern_writev+0x78
              kernel`sys_write+0x4c
              kernel`swi_handler+0x6d8
              kernel`swi_exit
              kernel`swi_exit
               11

              kernel`copyout+0x18c
              kernel`timercb+0x9c
              kernel`am335x_dmtimer_et_intr+0x44
              kernel`intr_event_handle+0x70
              kernel`intr_irq_handler+0x60
              kernel`exception_exit
              kernel`copyout+0x18c
              0xc3bfb6e0
               13
