




              kernel`pmap_qenter+0xf4
              kernel`timercb+0x9c
              kernel`am335x_dmtimer_et_intr+0x44
              kernel`intr_event_handle+0x70
              kernel`intr_irq_handler+0x60
              kernel`exception_exit
              kernel`pmap_qenter+0xf4
              kernel`sf_buf_alloc+0x2d4
              kernel`uiomove_fromphys+0xc4
              kernel`pipe_read+0x4a0
              kernel`dofileread+0xb0
              kernel`kern_readv+0x78
              kernel`sys_read+0x4c
              kernel`swi_handler+0x6d8
              kernel`swi_exit
              kernel`swi_exit
                2

              kernel`spinlock_exit+0x3c
              kernel`timercb+0x9c
              kernel`am335x_dmtimer_et_intr+0x44
              kernel`intr_event_handle+0x70
              kernel`intr_irq_handler+0x60
              kernel`exception_exit
              kernel`spinlock_exit+0x3c
              kernel`wakeup+0x30
              kernel`pipe_read+0x6d0
              kernel`dofileread+0xb0
              kernel`kern_readv+0x78
              kernel`sys_read+0x4c
              kernel`swi_handler+0x6d8
              kernel`swi_exit
              kernel`swi_exit
                2

              kernel`copyout+0x1a0
              kernel`timercb+0x9c
              kernel`am335x_dmtimer_et_intr+0x44
              kernel`intr_event_handle+0x70
              kernel`intr_irq_handler+0x60
              kernel`exception_exit
              kernel`copyout+0x1a0
              0xc37d5780
                5

              kernel`copyout+0x188
              kernel`timercb+0x9c
              kernel`am335x_dmtimer_et_intr+0x44
              kernel`intr_event_handle+0x70
              kernel`intr_irq_handler+0x60
              kernel`exception_exit
              kernel`copyout+0x188
              0xc37d5780
               12

              kernel`copyout+0x18c
              kernel`timercb+0x9c
              kernel`am335x_dmtimer_et_intr+0x44
              kernel`intr_event_handle+0x70
              kernel`intr_irq_handler+0x60
              kernel`exception_exit
              kernel`copyout+0x18c
              0xc37d5780
               74
